{
  "RSpec": {
    "coverage": {
      "D:/!!!Dima/project/ruby/Pharmacy_website/app/admin/admin_users.rb": {
        "lines": [
          0,
          0,
          null,
          0,
          0,
          0,
          0,
          0,
          0,
          0,
          0,
          0,
          null,
          0,
          0,
          0,
          0,
          null,
          0,
          0,
          0,
          0,
          0,
          0,
          0,
          0,
          null,
          0
        ],
        "branches": {}
      },
      "D:/!!!Dima/project/ruby/Pharmacy_website/app/admin/dashboard.rb": {
        "lines": [
          null,
          0,
          0,
          null,
          0,
          0,
          0,
          0,
          0,
          0,
          0,
          null,
          null,
          null,
          null,
          null,
          null,
          null,
          null,
          null,
          null,
          null,
          null,
          null,
          null,
          null,
          null,
          null,
          null,
          null,
          null,
          0,
          0
        ],
        "branches": {}
      },
      "D:/!!!Dima/project/ruby/Pharmacy_website/app/admin/products.rb": {
        "lines": [
          0,
          null,
          null,
          null,
          null,
          null,
          null,
          null,
          null,
          null,
          null,
          null,
          null,
          null,
          null,
          null,
          null,
          0
        ],
        "branches": {}
      },
      "D:/!!!Dima/project/ruby/Pharmacy_website/app/channels/application_cable/channel.rb": {
        "lines": [
          0,
          0,
          0,
          0
        ],
        "branches": {}
      },
      "D:/!!!Dima/project/ruby/Pharmacy_website/app/channels/application_cable/connection.rb": {
        "lines": [
          0,
          0,
          0,
          0
        ],
        "branches": {}
      },
      "D:/!!!Dima/project/ruby/Pharmacy_website/app/controllers/application_controller.rb": {
        "lines": [
          0,
          0,
          0,
          0,
          null,
          0,
          null,
          null,
          0,
          0,
          0,
          0,
          null,
          null,
          0,
          0,
          0,
          null,
          0,
          0,
          0,
          0
        ],
        "branches": {}
      },
      "D:/!!!Dima/project/ruby/Pharmacy_website/app/controllers/cart_items_controller.rb": {
        "lines": [
          0,
          0,
          null,
          null,
          0,
          0,
          0,
          null,
          null,
          0,
          0,
          null,
          null,
          0,
          0,
          0,
          0,
          0,
          0,
          null,
          0,
          0,
          null,
          null,
          0,
          0,
          0,
          0,
          0,
          0,
          null,
          null,
          0,
          0,
          0,
          null,
          null,
          0,
          null,
          null,
          0,
          null,
          0,
          0,
          0,
          0,
          0,
          null,
          0,
          0,
          0,
          0
        ],
        "branches": {}
      },
      "D:/!!!Dima/project/ruby/Pharmacy_website/app/controllers/categories_controller.rb": {
        "lines": [
          0,
          0,
          0,
          0,
          null,
          0,
          0,
          0,
          0
        ],
        "branches": {}
      },
      "D:/!!!Dima/project/ruby/Pharmacy_website/app/controllers/home_controller.rb": {
        "lines": [
          0,
          0,
          null,
          0,
          0,
          0,
          0,
          0,
          0,
          0
        ],
        "branches": {}
      },
      "D:/!!!Dima/project/ruby/Pharmacy_website/app/controllers/inventories_controller.rb": {
        "lines": [
          0,
          0,
          0,
          0,
          null,
          0,
          0,
          0,
          0
        ],
        "branches": {}
      },
      "D:/!!!Dima/project/ruby/Pharmacy_website/app/controllers/orders_controller.rb": {
        "lines": [
          0,
          null,
          0,
          0,
          0,
          0,
          0,
          0,
          0,
          0,
          0,
          0,
          0,
          0,
          0,
          0
        ],
        "branches": {}
      },
      "D:/!!!Dima/project/ruby/Pharmacy_website/app/controllers/payments_controller.rb": {
        "lines": [
          0,
          0,
          0,
          0,
          null,
          0,
          0,
          null,
          0,
          0,
          null,
          0,
          null,
          0,
          0,
          0,
          0
        ],
        "branches": {}
      },
      "D:/!!!Dima/project/ruby/Pharmacy_website/app/controllers/product_details_controller.rb": {
        "lines": [
          0,
          0,
          0,
          0,
          0
        ],
        "branches": {}
      },
      "D:/!!!Dima/project/ruby/Pharmacy_website/app/controllers/products_controller.rb": {
        "lines": [
          0,
          0,
          0,
          0,
          null,
          null,
          0,
          0,
          0,
          null,
          null,
          0,
          0,
          0,
          0,
          null,
          null,
          0,
          null,
          null,
          0,
          0,
          0,
          null,
          null,
          0,
          0,
          0,
          0,
          0,
          0,
          0,
          0,
          0,
          0,
          0,
          0,
          null,
          null,
          0,
          null,
          null,
          0,
          0,
          0,
          0,
          0,
          0,
          0,
          0,
          0,
          0,
          0,
          null,
          null,
          0,
          null,
          0,
          0,
          0,
          null,
          0,
          0,
          0,
          0,
          0,
          0,
          null,
          null,
          0,
          0,
          0,
          0,
          0,
          0,
          null,
          0,
          0,
          0,
          0,
          0,
          0,
          null,
          null,
          0,
          0,
          0,
          null,
          0,
          null,
          0,
          0,
          0,
          0,
          0,
          null,
          0,
          0,
          0,
          null,
          0,
          0,
          0,
          0
        ],
        "branches": {}
      },
      "D:/!!!Dima/project/ruby/Pharmacy_website/app/controllers/reviews_controller.rb": {
        "lines": [
          0,
          0,
          0,
          0,
          0,
          0,
          0,
          0,
          0,
          null,
          0,
          null,
          0,
          0,
          0,
          0
        ],
        "branches": {}
      },
      "D:/!!!Dima/project/ruby/Pharmacy_website/app/controllers/users/confirmations_controller.rb": {
        "lines": [
          null,
          null,
          0,
          null,
          null,
          null,
          null,
          null,
          null,
          null,
          null,
          null,
          null,
          null,
          null,
          null,
          null,
          null,
          null,
          null,
          null,
          null,
          null,
          null,
          null,
          null,
          null,
          null,
          null,
          0
        ],
        "branches": {}
      },
      "D:/!!!Dima/project/ruby/Pharmacy_website/app/controllers/users/omniauth_callbacks_controller.rb": {
        "lines": [
          null,
          null,
          0,
          null,
          null,
          null,
          null,
          null,
          null,
          null,
          null,
          null,
          null,
          null,
          null,
          null,
          null,
          null,
          null,
          null,
          null,
          null,
          null,
          null,
          null,
          null,
          null,
          null,
          null,
          0
        ],
        "branches": {}
      },
      "D:/!!!Dima/project/ruby/Pharmacy_website/app/controllers/users/passwords_controller.rb": {
        "lines": [
          null,
          null,
          0,
          null,
          null,
          null,
          null,
          null,
          null,
          null,
          null,
          null,
          null,
          null,
          null,
          null,
          null,
          null,
          null,
          null,
          null,
          null,
          null,
          null,
          null,
          null,
          null,
          null,
          null,
          null,
          null,
          null,
          null,
          0
        ],
        "branches": {}
      },
      "D:/!!!Dima/project/ruby/Pharmacy_website/app/controllers/users/registrations_controller.rb": {
        "lines": [
          0,
          null,
          0,
          null,
          0,
          0,
          0,
          0,
          0,
          0,
          0,
          0,
          null,
          0,
          0,
          0,
          0,
          0,
          0,
          0,
          null,
          0,
          null,
          null,
          0,
          0,
          0,
          null,
          null,
          0,
          0,
          0,
          0
        ],
        "branches": {}
      },
      "D:/!!!Dima/project/ruby/Pharmacy_website/app/controllers/users/sessions_controller.rb": {
        "lines": [
          null,
          null,
          0,
          null,
          null,
          null,
          null,
          null,
          null,
          null,
          null,
          null,
          null,
          null,
          null,
          null,
          null,
          null,
          null,
          null,
          null,
          null,
          null,
          null,
          null,
          null,
          0
        ],
        "branches": {}
      },
      "D:/!!!Dima/project/ruby/Pharmacy_website/app/controllers/users/unlocks_controller.rb": {
        "lines": [
          null,
          null,
          0,
          null,
          null,
          null,
          null,
          null,
          null,
          null,
          null,
          null,
          null,
          null,
          null,
          null,
          null,
          null,
          null,
          null,
          null,
          null,
          null,
          null,
          null,
          null,
          null,
          null,
          null,
          0
        ],
        "branches": {}
      },
      "D:/!!!Dima/project/ruby/Pharmacy_website/app/controllers/users_controller.rb": {
        "lines": [
          0,
          0,
          null,
          null,
          0,
          0,
          0,
          0,
          0,
          null,
          null,
          0,
          0,
          0,
          null,
          null,
          0,
          0,
          0,
          0,
          0,
          0,
          0,
          0,
          null,
          0,
          null,
          null,
          0,
          0,
          0,
          0
        ],
        "branches": {}
      },
      "D:/!!!Dima/project/ruby/Pharmacy_website/app/helpers/application_helper.rb": {
        "lines": [
          0,
          0
        ],
        "branches": {}
      },
      "D:/!!!Dima/project/ruby/Pharmacy_website/app/helpers/cart_items_helper.rb": {
        "lines": [
          0,
          0
        ],
        "branches": {}
      },
      "D:/!!!Dima/project/ruby/Pharmacy_website/app/helpers/carts_helper.rb": {
        "lines": [
          0,
          0
        ],
        "branches": {}
      },
      "D:/!!!Dima/project/ruby/Pharmacy_website/app/helpers/categories_helper.rb": {
        "lines": [
          0,
          0
        ],
        "branches": {}
      },
      "D:/!!!Dima/project/ruby/Pharmacy_website/app/helpers/home_helper.rb": {
        "lines": [
          0,
          0
        ],
        "branches": {}
      },
      "D:/!!!Dima/project/ruby/Pharmacy_website/app/helpers/inventories_helper.rb": {
        "lines": [
          0,
          0
        ],
        "branches": {}
      },
      "D:/!!!Dima/project/ruby/Pharmacy_website/app/helpers/orders_helper.rb": {
        "lines": [
          0,
          0
        ],
        "branches": {}
      },
      "D:/!!!Dima/project/ruby/Pharmacy_website/app/helpers/payments_helper.rb": {
        "lines": [
          0,
          0
        ],
        "branches": {}
      },
      "D:/!!!Dima/project/ruby/Pharmacy_website/app/helpers/product_details_helper.rb": {
        "lines": [
          0,
          0
        ],
        "branches": {}
      },
      "D:/!!!Dima/project/ruby/Pharmacy_website/app/helpers/products_helper.rb": {
        "lines": [
          0,
          0
        ],
        "branches": {}
      },
      "D:/!!!Dima/project/ruby/Pharmacy_website/app/helpers/reviews_helper.rb": {
        "lines": [
          0,
          0
        ],
        "branches": {}
      },
      "D:/!!!Dima/project/ruby/Pharmacy_website/app/jobs/application_job.rb": {
        "lines": [
          0,
          null,
          null,
          null,
          null,
          null,
          0
        ],
        "branches": {}
      },
      "D:/!!!Dima/project/ruby/Pharmacy_website/app/mailers/application_mailer.rb": {
        "lines": [
          0,
          0,
          0,
          0
        ],
        "branches": {}
      },
      "D:/!!!Dima/project/ruby/Pharmacy_website/app/models/admin_user.rb": {
        "lines": [
          0,
          null,
          null,
          0,
          0,
          0
        ],
        "branches": {}
      },
      "D:/!!!Dima/project/ruby/Pharmacy_website/app/models/application_record.rb": {
        "lines": [
          0,
          0,
          0
        ],
        "branches": {}
      },
      "D:/!!!Dima/project/ruby/Pharmacy_website/app/models/cart_item.rb": {
        "lines": [
          0,
          0,
          0,
          null,
          0,
          0
        ],
        "branches": {}
      },
      "D:/!!!Dima/project/ruby/Pharmacy_website/app/models/category.rb": {
        "lines": [
          0,
          0,
          0,
          0
        ],
        "branches": {}
      },
      "D:/!!!Dima/project/ruby/Pharmacy_website/app/models/inventory.rb": {
        "lines": [
          0,
          0,
          null,
          0,
          0
        ],
        "branches": {}
      },
      "D:/!!!Dima/project/ruby/Pharmacy_website/app/models/order.rb": {
        "lines": [
          0,
          0,
          0,
          0,
          null,
          0,
          0,
          null,
          null,
          0,
          0,
          0,
          0
        ],
        "branches": {}
      },
      "D:/!!!Dima/project/ruby/Pharmacy_website/app/models/order_item.rb": {
        "lines": [
          0,
          0,
          0,
          null,
          0,
          0,
          0
        ],
        "branches": {}
      },
      "D:/!!!Dima/project/ruby/Pharmacy_website/app/models/payment.rb": {
        "lines": [
          0,
          0,
          null,
          0,
          0
        ],
        "branches": {}
      },
      "D:/!!!Dima/project/ruby/Pharmacy_website/app/models/product.rb": {
        "lines": [
          0,
          0,
          0,
          0,
          0,
          null,
          0,
          0,
          0
        ],
        "branches": {}
      },
      "D:/!!!Dima/project/ruby/Pharmacy_website/app/models/product_detail.rb": {
        "lines": [
          0,
          0,
          null,
          0,
          0
        ],
        "branches": {}
      },
      "D:/!!!Dima/project/ruby/Pharmacy_website/app/models/review.rb": {
        "lines": [
          0,
          0,
          0,
          null,
          0,
          0,
          0
        ],
        "branches": {}
      },
      "D:/!!!Dima/project/ruby/Pharmacy_website/app/models/user.rb": {
        "lines": [
          0,
          null,
          0,
          0,
          null,
          null,
          0,
          0,
          null,
          null,
          0,
          0,
          0,
          null,
          null,
          0,
          null,
          0,
          null,
          null,
          0,
          0,
          0,
          0
        ],
        "branches": {}
      }
    },
    "timestamp": 1746998952
  }
}
